  MyFirstProj.c
C:\Program Files (x86)\Microsoft Visual Studio\2019\Community\VC\Tools\MSVC\14.27.29110\include\cstdlib(23,62): error C2061: syntax error: identifier 'noexcept'
C:\Program Files (x86)\Microsoft Visual Studio\2019\Community\VC\Tools\MSVC\14.27.29110\include\cstdlib(23,62): error C2059: syntax error: ';'
C:\Program Files (x86)\Microsoft Visual Studio\2019\Community\VC\Tools\MSVC\14.27.29110\include\cstdlib(23,90): error C2449: found '{' at file scope (missing function header?)
C:\Program Files (x86)\Microsoft Visual Studio\2019\Community\VC\Tools\MSVC\14.27.29110\include\cstdlib(25,1): error C2059: syntax error: '}'
C:\Program Files (x86)\Microsoft Visual Studio\2019\Community\VC\Tools\MSVC\14.27.29110\include\cstdlib(31,72): error C2061: syntax error: identifier 'noexcept'
C:\Program Files (x86)\Microsoft Visual Studio\2019\Community\VC\Tools\MSVC\14.27.29110\include\cstdlib(31,72): error C2059: syntax error: ';'
C:\Program Files (x86)\Microsoft Visual Studio\2019\Community\VC\Tools\MSVC\14.27.29110\include\cstdlib(31,100): error C2449: found '{' at file scope (missing function header?)
C:\Program Files (x86)\Microsoft Visual Studio\2019\Community\VC\Tools\MSVC\14.27.29110\include\cstdlib(33,1): error C2059: syntax error: '}'
C:\Program Files (x86)\Microsoft Visual Studio\2019\Community\VC\Tools\MSVC\14.27.29110\include\xtr1common(19,1): error C2061: syntax error: identifier 'std'
C:\Program Files (x86)\Microsoft Visual Studio\2019\Community\VC\Tools\MSVC\14.27.29110\include\xtr1common(19,1): error C2059: syntax error: ';'
C:\Program Files (x86)\Microsoft Visual Studio\2019\Community\VC\Tools\MSVC\14.27.29110\include\xtr1common(19,1): error C2449: found '{' at file scope (missing function header?)
C:\Program Files (x86)\Microsoft Visual Studio\2019\Community\VC\Tools\MSVC\14.27.29110\include\xtr1common(244,1): error C2059: syntax error: '}'
C:\Program Files (x86)\Microsoft Visual Studio\2019\Community\VC\Tools\MSVC\14.27.29110\include\iosfwd(178,9): warning C4157: pragma was ignored by C compiler
C:\Program Files (x86)\Microsoft Visual Studio\2019\Community\VC\Tools\MSVC\14.27.29110\include\iosfwd(183,9): warning C4157: pragma was ignored by C compiler
C:\Program Files (x86)\Microsoft Visual Studio\2019\Community\VC\Tools\MSVC\14.27.29110\include\type_traits(440,33): error C4233: nonstandard extension used: '__is_union' keyword only supported in C++, not C
C:\Program Files (x86)\Microsoft Visual Studio\2019\Community\VC\Tools\MSVC\14.27.29110\include\type_traits(443,41): error C4233: nonstandard extension used: '__is_union' keyword only supported in C++, not C
C:\Program Files (x86)\Microsoft Visual Studio\2019\Community\VC\Tools\MSVC\14.27.29110\include\type_traits(447,33): error C4233: nonstandard extension used: '__is_class' keyword only supported in C++, not C
C:\Program Files (x86)\Microsoft Visual Studio\2019\Community\VC\Tools\MSVC\14.27.29110\include\type_traits(450,41): error C4233: nonstandard extension used: '__is_class' keyword only supported in C++, not C
C:\Program Files (x86)\Microsoft Visual Studio\2019\Community\VC\Tools\MSVC\14.27.29110\include\type_traits(468,39): error C4233: nonstandard extension used: '__is_convertible_to' keyword only supported in C++, not C
C:\Program Files (x86)\Microsoft Visual Studio\2019\Community\VC\Tools\MSVC\14.27.29110\include\type_traits(473,47): error C4233: nonstandard extension used: '__is_convertible_to' keyword only supported in C++, not C
C:\Program Files (x86)\Microsoft Visual Studio\2019\Community\VC\Tools\MSVC\14.27.29110\include\type_traits(477,32): error C4233: nonstandard extension used: '__is_enum' keyword only supported in C++, not C
C:\Program Files (x86)\Microsoft Visual Studio\2019\Community\VC\Tools\MSVC\14.27.29110\include\type_traits(480,40): error C4233: nonstandard extension used: '__is_enum' keyword only supported in C++, not C
C:\Program Files (x86)\Microsoft Visual Studio\2019\Community\VC\Tools\MSVC\14.27.29110\include\type_traits(526,55): error C4233: nonstandard extension used: '__is_pod' keyword only supported in C++, not C
C:\Program Files (x86)\Microsoft Visual Studio\2019\Community\VC\Tools\MSVC\14.27.29110\include\type_traits(529,63): error C4233: nonstandard extension used: '__is_pod' keyword only supported in C++, not C
C:\Program Files (x86)\Microsoft Visual Studio\2019\Community\VC\Tools\MSVC\14.27.29110\include\type_traits(533,33): error C4233: nonstandard extension used: '__is_empty' keyword only supported in C++, not C
C:\Program Files (x86)\Microsoft Visual Studio\2019\Community\VC\Tools\MSVC\14.27.29110\include\type_traits(536,41): error C4233: nonstandard extension used: '__is_empty' keyword only supported in C++, not C
C:\Program Files (x86)\Microsoft Visual Studio\2019\Community\VC\Tools\MSVC\14.27.29110\include\type_traits(540,39): error C4233: nonstandard extension used: '__is_polymorphic' keyword only supported in C++, not C
C:\Program Files (x86)\Microsoft Visual Studio\2019\Community\VC\Tools\MSVC\14.27.29110\include\type_traits(543,47): error C4233: nonstandard extension used: '__is_polymorphic' keyword only supported in C++, not C
C:\Program Files (x86)\Microsoft Visual Studio\2019\Community\VC\Tools\MSVC\14.27.29110\include\type_traits(547,36): error C4233: nonstandard extension used: '__is_abstract' keyword only supported in C++, not C
C:\Program Files (x86)\Microsoft Visual Studio\2019\Community\VC\Tools\MSVC\14.27.29110\include\type_traits(550,44): error C4233: nonstandard extension used: '__is_abstract' keyword only supported in C++, not C
C:\Program Files (x86)\Microsoft Visual Studio\2019\Community\VC\Tools\MSVC\14.27.29110\include\type_traits(554,33): error C4233: nonstandard extension used: '__is_final' keyword only supported in C++, not C
C:\Program Files (x86)\Microsoft Visual Studio\2019\Community\VC\Tools\MSVC\14.27.29110\include\type_traits(557,41): error C4233: nonstandard extension used: '__is_final' keyword only supported in C++, not C
C:\Program Files (x86)\Microsoft Visual Studio\2019\Community\VC\Tools\MSVC\14.27.29110\include\type_traits(561,43): error C4233: nonstandard extension used: '__is_standard_layout' keyword only supported in C++, not C
C:\Program Files (x86)\Microsoft Visual Studio\2019\Community\VC\Tools\MSVC\14.27.29110\include\type_traits(564,51): error C4233: nonstandard extension used: '__is_standard_layout' keyword only supported in C++, not C
C:\Program Files (x86)\Microsoft Visual Studio\2019\Community\VC\Tools\MSVC\14.27.29110\include\type_traits(569,73): error C4233: nonstandard extension used: '__is_literal_type' keyword only supported in C++, not C
C:\Program Files (x86)\Microsoft Visual Studio\2019\Community\VC\Tools\MSVC\14.27.29110\include\type_traits(574,81): error C4233: nonstandard extension used: '__is_literal_type' keyword only supported in C++, not C
C:\Program Files (x86)\Microsoft Visual Studio\2019\Community\VC\Tools\MSVC\14.27.29110\include\type_traits(580,35): error C4233: nonstandard extension used: '__is_trivially_constructible' keyword only supported in C++, not C
C:\Program Files (x86)\Microsoft Visual Studio\2019\Community\VC\Tools\MSVC\14.27.29110\include\type_traits(580,72): error C4233: nonstandard extension used: '__is_trivially_copyable' keyword only supported in C++, not C
C:\Program Files (x86)\Microsoft Visual Studio\2019\Community\VC\Tools\MSVC\14.27.29110\include\type_traits(585,43): error C4233: nonstandard extension used: '__is_trivially_constructible' keyword only supported in C++, not C
C:\Program Files (x86)\Microsoft Visual Studio\2019\Community\VC\Tools\MSVC\14.27.29110\include\type_traits(585,80): error C4233: nonstandard extension used: '__is_trivially_copyable' keyword only supported in C++, not C
C:\Program Files (x86)\Microsoft Visual Studio\2019\Community\VC\Tools\MSVC\14.27.29110\include\type_traits(596,46): error C4233: nonstandard extension used: '__is_trivially_copyable' keyword only supported in C++, not C
C:\Program Files (x86)\Microsoft Visual Studio\2019\Community\VC\Tools\MSVC\14.27.29110\include\type_traits(601,54): error C4233: nonstandard extension used: '__is_trivially_copyable' keyword only supported in C++, not C
C:\Program Files (x86)\Microsoft Visual Studio\2019\Community\VC\Tools\MSVC\14.27.29110\include\type_traits(605,47): error C4233: nonstandard extension used: '__has_virtual_destructor' keyword only supported in C++, not C
C:\Program Files (x86)\Microsoft Visual Studio\2019\Community\VC\Tools\MSVC\14.27.29110\include\type_traits(610,55): error C4233: nonstandard extension used: '__has_virtual_destructor' keyword only supported in C++, not C
C:\Program Files (x86)\Microsoft Visual Studio\2019\Community\VC\Tools\MSVC\14.27.29110\include\type_traits(633,41): error C4233: nonstandard extension used: '__is_constructible' keyword only supported in C++, not C
C:\Program Files (x86)\Microsoft Visual Studio\2019\Community\VC\Tools\MSVC\14.27.29110\include\type_traits(638,49): error C4233: nonstandard extension used: '__is_constructible' keyword only supported in C++, not C
C:\Program Files (x86)\Microsoft Visual Studio\2019\Community\VC\Tools\MSVC\14.27.29110\include\type_traits(642,46): error C4233: nonstandard extension used: '__is_constructible' keyword only supported in C++, not C
C:\Program Files (x86)\Microsoft Visual Studio\2019\Community\VC\Tools\MSVC\14.27.29110\include\type_traits(647,54): error C4233: nonstandard extension used: '__is_constructible' keyword only supported in C++, not C
C:\Program Files (x86)\Microsoft Visual Studio\2019\Community\VC\Tools\MSVC\14.27.29110\include\type_traits(651,49): error C4233: nonstandard extension used: '__is_constructible' keyword only supported in C++, not C
C:\Program Files (x86)\Microsoft Visual Studio\2019\Community\VC\Tools\MSVC\14.27.29110\include\type_traits(656,57): error C4233: nonstandard extension used: '__is_constructible' keyword only supported in C++, not C
C:\Program Files (x86)\Microsoft Visual Studio\2019\Community\VC\Tools\MSVC\14.27.29110\include\type_traits(673,46): error C4233: nonstandard extension used: '__is_constructible' keyword only supported in C++, not C
C:\Program Files (x86)\Microsoft Visual Studio\2019\Community\VC\Tools\MSVC\14.27.29110\include\type_traits(678,54): error C4233: nonstandard extension used: '__is_constructible' keyword only supported in C++, not C
C:\Program Files (x86)\Microsoft Visual Studio\2019\Community\VC\Tools\MSVC\14.27.29110\include\type_traits(682,38): error C4233: nonstandard extension used: '__is_assignable' keyword only supported in C++, not C
C:\Program Files (x86)\Microsoft Visual Studio\2019\Community\VC\Tools\MSVC\14.27.29110\include\type_traits(685,46): error C4233: nonstandard extension used: '__is_assignable' keyword only supported in C++, not C
C:\Program Files (x86)\Microsoft Visual Studio\2019\Community\VC\Tools\MSVC\14.27.29110\include\type_traits(690,21): error C4233: nonstandard extension used: '__is_assignable' keyword only supported in C++, not C
C:\Program Files (x86)\Microsoft Visual Studio\2019\Community\VC\Tools\MSVC\14.27.29110\include\type_traits(695,51): error C4233: nonstandard extension used: '__is_assignable' keyword only supported in C++, not C
C:\Program Files (x86)\Microsoft Visual Studio\2019\Community\VC\Tools\MSVC\14.27.29110\include\type_traits(701,21): error C4233: nonstandard extension used: '__is_assignable_no_precondition_check' keyword only supported in C++, not C
C:\Program Files (x86)\Microsoft Visual Studio\2019\Community\VC\Tools\MSVC\14.27.29110\include\type_traits(705,62): error C4233: nonstandard extension used: '__is_assignable_no_precondition_check' keyword only supported in C++, not C
C:\Program Files (x86)\Microsoft Visual Studio\2019\Community\VC\Tools\MSVC\14.27.29110\include\type_traits(717,43): error C4233: nonstandard extension used: '__is_assignable' keyword only supported in C++, not C
C:\Program Files (x86)\Microsoft Visual Studio\2019\Community\VC\Tools\MSVC\14.27.29110\include\type_traits(722,51): error C4233: nonstandard extension used: '__is_assignable' keyword only supported in C++, not C
C:\Program Files (x86)\Microsoft Visual Studio\2019\Community\VC\Tools\MSVC\14.27.29110\include\type_traits(727,21): error C4233: nonstandard extension used: '__is_assignable_no_precondition_check' keyword only supported in C++, not C
C:\Program Files (x86)\Microsoft Visual Studio\2019\Community\VC\Tools\MSVC\14.27.29110\include\type_traits(730,62): error C4233: nonstandard extension used: '__is_assignable_no_precondition_check' keyword only supported in C++, not C
C:\Program Files (x86)\Microsoft Visual Studio\2019\Community\VC\Tools\MSVC\14.27.29110\include\type_traits(742,40): error C4233: nonstandard extension used: '__is_destructible' keyword only supported in C++, not C
C:\Program Files (x86)\Microsoft Visual Studio\2019\Community\VC\Tools\MSVC\14.27.29110\include\type_traits(747,48): error C4233: nonstandard extension used: '__is_destructible' keyword only supported in C++, not C
C:\Program Files (x86)\Microsoft Visual Studio\2019\Community\VC\Tools\MSVC\14.27.29110\include\type_traits(752,51): error C4233: nonstandard extension used: '__is_trivially_constructible' keyword only supported in C++, not C
C:\Program Files (x86)\Microsoft Visual Studio\2019\Community\VC\Tools\MSVC\14.27.29110\include\type_traits(757,59): error C4233: nonstandard extension used: '__is_trivially_constructible' keyword only supported in C++, not C
C:\Program Files (x86)\Microsoft Visual Studio\2019\Community\VC\Tools\MSVC\14.27.29110\include\type_traits(762,21): error C4233: nonstandard extension used: '__is_trivially_constructible' keyword only supported in C++, not C
C:\Program Files (x86)\Microsoft Visual Studio\2019\Community\VC\Tools\MSVC\14.27.29110\include\type_traits(767,64): error C4233: nonstandard extension used: '__is_trivially_constructible' keyword only supported in C++, not C
C:\Program Files (x86)\Microsoft Visual Studio\2019\Community\VC\Tools\MSVC\14.27.29110\include\type_traits(772,59): error C4233: nonstandard extension used: '__is_trivially_constructible' keyword only supported in C++, not C
C:\Program Files (x86)\Microsoft Visual Studio\2019\Community\VC\Tools\MSVC\14.27.29110\include\type_traits(777,67): error C4233: nonstandard extension used: '__is_trivially_constructible' keyword only supported in C++, not C
C:\Program Files (x86)\Microsoft Visual Studio\2019\Community\VC\Tools\MSVC\14.27.29110\include\type_traits(781,56): error C4233: nonstandard extension used: '__is_trivially_constructible' keyword only supported in C++, not C
C:\Program Files (x86)\Microsoft Visual Studio\2019\Community\VC\Tools\MSVC\14.27.29110\include\type_traits(786,64): error C4233: nonstandard extension used: '__is_trivially_constructible' keyword only supported in C++, not C
C:\Program Files (x86)\Microsoft Visual Studio\2019\Community\VC\Tools\MSVC\14.27.29110\include\type_traits(790,48): error C4233: nonstandard extension used: '__is_trivially_assignable' keyword only supported in C++, not C
C:\Program Files (x86)\Microsoft Visual Studio\2019\Community\VC\Tools\MSVC\14.27.29110\include\type_traits(795,56): error C4233: nonstandard extension used: '__is_trivially_assignable' keyword only supported in C++, not C
C:\Program Files (x86)\Microsoft Visual Studio\2019\Community\VC\Tools\MSVC\14.27.29110\include\type_traits(800,21): error C4233: nonstandard extension used: '__is_trivially_assignable' keyword only supported in C++, not C
C:\Program Files (x86)\Microsoft Visual Studio\2019\Community\VC\Tools\MSVC\14.27.29110\include\type_traits(805,61): error C4233: nonstandard extension used: '__is_trivially_assignable' keyword only supported in C++, not C
C:\Program Files (x86)\Microsoft Visual Studio\2019\Community\VC\Tools\MSVC\14.27.29110\include\type_traits(810,53): error C4233: nonstandard extension used: '__is_trivially_assignable' keyword only supported in C++, not C
C:\Program Files (x86)\Microsoft Visual Studio\2019\Community\VC\Tools\MSVC\14.27.29110\include\type_traits(815,61): error C4233: nonstandard extension used: '__is_trivially_assignable' keyword only supported in C++, not C
C:\Program Files (x86)\Microsoft Visual Studio\2019\Community\VC\Tools\MSVC\14.27.29110\include\type_traits(819,50): error C4233: nonstandard extension used: '__is_trivially_destructible' keyword only supported in C++, not C
C:\Program Files (x86)\Microsoft Visual Studio\2019\Community\VC\Tools\MSVC\14.27.29110\include\type_traits(824,58): error C4233: nonstandard extension used: '__is_trivially_destructible' keyword only supported in C++, not C
C:\Program Files (x86)\Microsoft Visual Studio\2019\Community\VC\Tools\MSVC\14.27.29110\include\type_traits(829,49): error C4233: nonstandard extension used: '__is_nothrow_constructible' keyword only supported in C++, not C
C:\Program Files (x86)\Microsoft Visual Studio\2019\Community\VC\Tools\MSVC\14.27.29110\include\type_traits(834,57): error C4233: nonstandard extension used: '__is_nothrow_constructible' keyword only supported in C++, not C
C:\Program Files (x86)\Microsoft Visual Studio\2019\Community\VC\Tools\MSVC\14.27.29110\include\type_traits(839,21): error C4233: nonstandard extension used: '__is_nothrow_constructible' keyword only supported in C++, not C
C:\Program Files (x86)\Microsoft Visual Studio\2019\Community\VC\Tools\MSVC\14.27.29110\include\type_traits(845,62): error C4233: nonstandard extension used: '__is_nothrow_constructible' keyword only supported in C++, not C
C:\Program Files (x86)\Microsoft Visual Studio\2019\Community\VC\Tools\MSVC\14.27.29110\include\type_traits(850,57): error C4233: nonstandard extension used: '__is_nothrow_constructible' keyword only supported in C++, not C
C:\Program Files (x86)\Microsoft Visual Studio\2019\Community\VC\Tools\MSVC\14.27.29110\include\type_traits(855,65): error C4233: nonstandard extension used: '__is_nothrow_constructible' keyword only supported in C++, not C
C:\Program Files (x86)\Microsoft Visual Studio\2019\Community\VC\Tools\MSVC\14.27.29110\include\type_traits(859,54): error C4233: nonstandard extension used: '__is_nothrow_constructible' keyword only supported in C++, not C
C:\Program Files (x86)\Microsoft Visual Studio\2019\Community\VC\Tools\MSVC\14.27.29110\include\type_traits(864,62): error C4233: nonstandard extension used: '__is_nothrow_constructible' keyword only supported in C++, not C
C:\Program Files (x86)\Microsoft Visual Studio\2019\Community\VC\Tools\MSVC\14.27.29110\include\type_traits(868,46): error C4233: nonstandard extension used: '__is_nothrow_assignable' keyword only supported in C++, not C
C:\Program Files (x86)\Microsoft Visual Studio\2019\Community\VC\Tools\MSVC\14.27.29110\include\type_traits(873,54): error C4233: nonstandard extension used: '__is_nothrow_assignable' keyword only supported in C++, not C
C:\Program Files (x86)\Microsoft Visual Studio\2019\Community\VC\Tools\MSVC\14.27.29110\include\type_traits(878,21): error C4233: nonstandard extension used: '__is_nothrow_assignable' keyword only supported in C++, not C
C:\Program Files (x86)\Microsoft Visual Studio\2019\Community\VC\Tools\MSVC\14.27.29110\include\type_traits(883,59): error C4233: nonstandard extension used: '__is_nothrow_assignable' keyword only supported in C++, not C
C:\Program Files (x86)\Microsoft Visual Studio\2019\Community\VC\Tools\MSVC\14.27.29110\include\type_traits(888,51): error C4233: nonstandard extension used: '__is_nothrow_assignable' keyword only supported in C++, not C
C:\Program Files (x86)\Microsoft Visual Studio\2019\Community\VC\Tools\MSVC\14.27.29110\include\type_traits(893,59): error C4233: nonstandard extension used: '__is_nothrow_assignable' keyword only supported in C++, not C
C:\Program Files (x86)\Microsoft Visual Studio\2019\Community\VC\Tools\MSVC\14.27.29110\include\type_traits(897,48): error C4233: nonstandard extension used: '__is_nothrow_destructible' keyword only supported in C++, not C
C:\Program Files (x86)\Microsoft Visual Studio\2019\Community\VC\Tools\MSVC\14.27.29110\include\type_traits(903,56): error C4233: nonstandard extension used: '__is_nothrow_destructible' keyword only supported in C++, not C
C:\Program Files (x86)\Microsoft Visual Studio\2019\Community\VC\Tools\MSVC\14.27.29110\include\type_traits(1153,18): error C4233: nonstandard extension used: '__underlying_type' keyword only supported in C++, not C
C:\Program Files (x86)\Microsoft Visual Studio\2019\Community\VC\Tools\MSVC\14.27.29110\include\type_traits(1196,35): error C4233: nonstandard extension used: '__is_base_of' keyword only supported in C++, not C
C:\Program Files (x86)\Microsoft Visual Studio\2019\Community\VC\Tools\MSVC\14.27.29110\include\type_traits(1201,43): error C4233: nonstandard extension used: '__is_base_of' keyword only supported in C++, not C
C:\Program Files (x86)\Microsoft Visual Studio\2019\Community\VC\Tools\MSVC\14.27.29110\include\ostream(21,9): warning C4157: pragma was ignored by C compiler
C:\Program Files (x86)\Microsoft Visual Studio\2019\Community\VC\Tools\MSVC\14.27.29110\include\ostream(590,9): warning C4157: pragma was ignored by C compiler
C:\Program Files (x86)\Microsoft Visual Studio\2019\Community\VC\Tools\MSVC\14.27.29110\include\istream(21,9): warning C4157: pragma was ignored by C compiler
C:\Program Files (x86)\Microsoft Visual Studio\2019\Community\VC\Tools\MSVC\14.27.29110\include\istream(667,9): warning C4157: pragma was ignored by C compiler
C:\Users\ONE\Desktop\github\TBC\MyFirstSolution\201101\MyFirstProj.c(11,1): fatal error C1004: unexpected end-of-file found
